<?xml version="1.0" encoding="UTF-8"?>
<robot generator="Robot 6.1.1 (Python 3.10.10 on win32)" generated="20230925 19:19:02.429" rpa="false" schemaversion="4">
<suite id="s1" name="Api Post Local" source="C:\Users\Wasim Ansari\IdeaProjects\RobotFW_DEmo\api_post_local.robot">
<test id="s1-t1" name="Send POST Request to Create User" line="11">
<kw name="Create Session" library="RequestsLibrary">
<arg>Reqres</arg>
<arg>${Base URL}</arg>
<doc>Create Session: create a HTTP session to a server</doc>
<msg timestamp="20230925 19:19:02.713" level="INFO">Creating Session using : alias=Reqres, url=http://localhost:3000/, headers={},                     cookies={}, auth=None, timeout=None, proxies=None, verify=False,                     debug=0 </msg>
<status status="PASS" starttime="20230925 19:19:02.713" endtime="20230925 19:19:02.713"/>
</kw>
<kw name="Create Dictionary" library="BuiltIn">
<var>${request_body}</var>
<arg>firstname=gautam</arg>
<arg>lastname=gambhir</arg>
<arg>id=97</arg>
<arg>age=40</arg>
<doc>Creates and returns a dictionary based on the given ``items``.</doc>
<msg timestamp="20230925 19:19:02.714" level="INFO">${request_body} = {'firstname': 'gautam', 'lastname': 'gambhir', 'id': '97', 'age': '40'}</msg>
<status status="PASS" starttime="20230925 19:19:02.713" endtime="20230925 19:19:02.714"/>
</kw>
<kw name="Log" library="BuiltIn">
<arg>${request_body}</arg>
<doc>Logs the given message with the given level.</doc>
<msg timestamp="20230925 19:19:02.714" level="INFO">{'firstname': 'gautam', 'lastname': 'gambhir', 'id': '97', 'age': '40'}</msg>
<status status="PASS" starttime="20230925 19:19:02.714" endtime="20230925 19:19:02.714"/>
</kw>
<kw name="Create Dictionary" library="BuiltIn">
<var>${headers}</var>
<arg>Content-Type=application/json</arg>
<doc>Creates and returns a dictionary based on the given ``items``.</doc>
<msg timestamp="20230925 19:19:02.714" level="INFO">${headers} = {'Content-Type': 'application/json'}</msg>
<status status="PASS" starttime="20230925 19:19:02.714" endtime="20230925 19:19:02.714"/>
</kw>
<kw name="Post Request" library="RequestsLibrary">
<var>${response}</var>
<arg>Reqres</arg>
<arg>/${Endpoint}</arg>
<arg>data=${request_body}</arg>
<arg>headers=${headers}</arg>
<doc>*DEPRECATED* Please use `POST On Session` instead.</doc>
<msg timestamp="20230925 19:19:02.714" level="WARN">Keyword 'RequestsLibrary.Post Request' is deprecated. Please use `POST On Session` instead.</msg>
<msg timestamp="20230925 19:19:04.815" level="INFO">POST Request : url=http://localhost:3000/friends 
 path_url=/friends 
 headers={'User-Agent': 'python-requests/2.31.0', 'Accept-Encoding': 'gzip, deflate', 'Accept': '*/*', 'Connection': 'keep-alive', 'Content-Type': 'application/json', 'Content-Length': '71'} 
 body={"firstname": "gautam", "lastname": "gambhir", "id": "97", "age": "40"} 
 </msg>
<msg timestamp="20230925 19:19:04.815" level="INFO">POST Response : url=http://localhost:3000/friends 
 status=201, reason=Created 
 headers={'X-Powered-By': 'Express', 'Vary': 'Origin, X-HTTP-Method-Override, Accept-Encoding', 'Access-Control-Allow-Credentials': 'true', 'Cache-Control': 'no-cache', 'Pragma': 'no-cache', 'Expires': '-1', 'Access-Control-Expose-Headers': 'Location', 'Location': 'http://localhost:3000/friends/97', 'X-Content-Type-Options': 'nosniff', 'Content-Type': 'application/json; charset=utf-8', 'Content-Length': '81', 'ETag': 'W/"51-SE2lkDtlwWIIQYlL4xQzSh25ihY"', 'Date': 'Mon, 25 Sep 2023 13:49:04 GMT', 'Connection': 'keep-alive', 'Keep-Alive': 'timeout=5'} 
 body={
  "firstname": "gautam",
  "lastname": "gambhir",
  "id": "97",
  "age": "40"
} 
 </msg>
<msg timestamp="20230925 19:19:04.815" level="INFO">${response} = &lt;Response [201]&gt;</msg>
<status status="PASS" starttime="20230925 19:19:02.714" endtime="20230925 19:19:04.815"/>
</kw>
<kw name="Should Be Equal As Strings" library="BuiltIn">
<arg>${response.status_code}</arg>
<arg>201</arg>
<doc>Fails if objects are unequal after converting them to strings.</doc>
<msg timestamp="20230925 19:19:04.816" level="INFO">Argument types are:
&lt;class 'int'&gt;
&lt;class 'str'&gt;</msg>
<status status="PASS" starttime="20230925 19:19:04.815" endtime="20230925 19:19:04.816"/>
</kw>
<kw name="Log To Console" library="BuiltIn">
<arg>${response}</arg>
<doc>Logs the given message to the console.</doc>
<status status="PASS" starttime="20230925 19:19:04.816" endtime="20230925 19:19:04.817"/>
</kw>
<doc>Test to verify the POST operation for creating a user</doc>
<tag>API</tag>
<status status="PASS" starttime="20230925 19:19:02.713" endtime="20230925 19:19:04.817"/>
</test>
<status status="PASS" starttime="20230925 19:19:02.442" endtime="20230925 19:19:04.817"/>
</suite>
<statistics>
<total>
<stat pass="1" fail="0" skip="0">All Tests</stat>
</total>
<tag>
<stat pass="1" fail="0" skip="0">API</stat>
</tag>
<suite>
<stat pass="1" fail="0" skip="0" id="s1" name="Api Post Local">Api Post Local</stat>
</suite>
</statistics>
<errors>
<msg timestamp="20230925 19:19:02.714" level="WARN">Keyword 'RequestsLibrary.Post Request' is deprecated. Please use `POST On Session` instead.</msg>
</errors>
</robot>
