<?xml version="1.0" encoding="UTF-8"?>
<robot generator="Robot 6.1.1 (Python 3.10.10 on win32)" generated="20230925 16:03:23.867" rpa="false" schemaversion="4">
<suite id="s1" name="Api Put Local" source="C:\Users\Wasim Ansari\IdeaProjects\RobotFW_DEmo\api_put_local.robot">
<test id="s1-t1" name="Send PUT Request to Update Comment" line="10">
<kw name="Create Session" library="RequestsLibrary">
<arg>Reqres</arg>
<arg>${Base URL}</arg>
<doc>Create Session: create a HTTP session to a server</doc>
<msg timestamp="20230925 16:03:24.092" level="INFO">Creating Session using : alias=Reqres, url=http://localhost:3000/, headers={},                     cookies={}, auth=None, timeout=None, proxies=None, verify=False,                     debug=0 </msg>
<status status="PASS" starttime="20230925 16:03:24.091" endtime="20230925 16:03:24.092"/>
</kw>
<kw name="Create Dictionary" library="BuiltIn">
<var>${request_body}</var>
<arg>id=1</arg>
<arg>body=put via robot</arg>
<arg>postId=1</arg>
<doc>Creates and returns a dictionary based on the given ``items``.</doc>
<msg timestamp="20230925 16:03:24.093" level="INFO">${request_body} = {'id': '1', 'body': 'put via robot', 'postId': '1'}</msg>
<status status="PASS" starttime="20230925 16:03:24.092" endtime="20230925 16:03:24.093"/>
</kw>
<kw name="Log" library="BuiltIn">
<arg>${request_body}</arg>
<doc>Logs the given message with the given level.</doc>
<msg timestamp="20230925 16:03:24.094" level="INFO">{'id': '1', 'body': 'put via robot', 'postId': '1'}</msg>
<status status="PASS" starttime="20230925 16:03:24.093" endtime="20230925 16:03:24.094"/>
</kw>
<kw name="Create Dictionary" library="BuiltIn">
<var>${headers}</var>
<arg>Content-Type=application/json</arg>
<doc>Creates and returns a dictionary based on the given ``items``.</doc>
<msg timestamp="20230925 16:03:24.094" level="INFO">${headers} = {'Content-Type': 'application/json'}</msg>
<status status="PASS" starttime="20230925 16:03:24.094" endtime="20230925 16:03:24.094"/>
</kw>
<kw name="Put Request" library="RequestsLibrary">
<var>${response}</var>
<arg>Reqres</arg>
<arg>/${Endpoint}</arg>
<arg>data=${request_body}</arg>
<arg>headers=${headers}</arg>
<doc>*DEPRECATED* Please use `PUT On Session` instead.</doc>
<msg timestamp="20230925 16:03:24.095" level="WARN">Keyword 'RequestsLibrary.Put Request' is deprecated. Please use `PUT On Session` instead.</msg>
<msg timestamp="20230925 16:03:26.161" level="INFO">PUT Request : url=http://localhost:3000/comments/1 
 path_url=/comments/1 
 headers={'User-Agent': 'python-requests/2.31.0', 'Accept-Encoding': 'gzip, deflate, br', 'Accept': '*/*', 'Connection': 'keep-alive', 'Content-Type': 'application/json', 'Content-Length': '51'} 
 body={"id": "1", "body": "put via robot", "postId": "1"} 
 </msg>
<msg timestamp="20230925 16:03:26.161" level="INFO">PUT Response : url=http://localhost:3000/comments/1 
 status=200, reason=OK 
 headers={'X-Powered-By': 'Express', 'Vary': 'Origin, Accept-Encoding', 'Access-Control-Allow-Credentials': 'true', 'Cache-Control': 'no-cache', 'Pragma': 'no-cache', 'Expires': '-1', 'X-Content-Type-Options': 'nosniff', 'Content-Type': 'application/json; charset=utf-8', 'Content-Length': '57', 'ETag': 'W/"39-kJTjEGzozvJOlS2ZELIzETI1Vuw"', 'Date': 'Mon, 25 Sep 2023 10:33:26 GMT', 'Connection': 'keep-alive', 'Keep-Alive': 'timeout=5'} 
 body={
  "id": 1,
  "body": "put via robot",
  "postId": "1"
} 
 </msg>
<msg timestamp="20230925 16:03:26.161" level="INFO">${response} = &lt;Response [200]&gt;</msg>
<status status="PASS" starttime="20230925 16:03:24.095" endtime="20230925 16:03:26.162"/>
</kw>
<kw name="Should Be Equal As Strings" library="BuiltIn">
<arg>${response.status_code}</arg>
<arg>200</arg>
<doc>Fails if objects are unequal after converting them to strings.</doc>
<msg timestamp="20230925 16:03:26.163" level="INFO">Argument types are:
&lt;class 'int'&gt;
&lt;class 'str'&gt;</msg>
<status status="PASS" starttime="20230925 16:03:26.162" endtime="20230925 16:03:26.164"/>
</kw>
<kw name="Log To Console" library="BuiltIn">
<arg>${response}</arg>
<doc>Logs the given message to the console.</doc>
<status status="PASS" starttime="20230925 16:03:26.164" endtime="20230925 16:03:26.165"/>
</kw>
<doc>Test to verify the PUT operation for updating a comment</doc>
<tag>API</tag>
<status status="PASS" starttime="20230925 16:03:24.091" endtime="20230925 16:03:26.165"/>
</test>
<status status="PASS" starttime="20230925 16:03:23.869" endtime="20230925 16:03:26.166"/>
</suite>
<statistics>
<total>
<stat pass="1" fail="0" skip="0">All Tests</stat>
</total>
<tag>
<stat pass="1" fail="0" skip="0">API</stat>
</tag>
<suite>
<stat pass="1" fail="0" skip="0" id="s1" name="Api Put Local">Api Put Local</stat>
</suite>
</statistics>
<errors>
<msg timestamp="20230925 16:03:24.095" level="WARN">Keyword 'RequestsLibrary.Put Request' is deprecated. Please use `PUT On Session` instead.</msg>
</errors>
</robot>
